<?xml version="1.0" encoding="UTF-8"?>
<!-- Generated by org.testng.reporters.JUnitReportReporter -->
<testsuite hostname="Kadir-PC" failures="0" tests="2" name="com.carrental.tests.AuthTest" time="11.841" errors="0" timestamp="2025-12-29T20:41:28 TRT" skipped="0">
  <testcase classname="com.carrental.tests.AuthTest" name="testCustomerLogin" time="6.589"/>
  <testcase classname="com.carrental.tests.AuthTest" name="testCustomerRegistration" time="5.252"/>
</testsuite> <!-- com.carrental.tests.AuthTest -->
