<?xml version="1.0" encoding="UTF-8"?>
<!-- Generated by org.testng.reporters.JUnitReportReporter -->
<testsuite hostname="Kadir-PC" failures="0" tests="2" name="com.carrental.tests.AuthTest" time="11.012" errors="0" timestamp="2026-01-09T06:31:00 TRT" skipped="0">
  <testcase classname="com.carrental.tests.AuthTest" name="testCustomerLogin" time="5.532"/>
  <testcase classname="com.carrental.tests.AuthTest" name="testCustomerRegistration" time="5.480"/>
</testsuite> <!-- com.carrental.tests.AuthTest -->
